{"/Users/lee/Documents/company/webpack-external-vendor-plugin/index.js": {"path":"/Users/lee/Documents/company/webpack-external-vendor-plugin/index.js","statementMap":{"0":{"start":{"line":1,"column":12},"end":{"line":1,"column":31}},"1":{"start":{"line":2,"column":13},"end":{"line":2,"column":28}},"2":{"start":{"line":3,"column":14},"end":{"line":3,"column":38}},"3":{"start":{"line":4,"column":24},"end":{"line":4,"column":47}},"4":{"start":{"line":5,"column":19},"end":{"line":5,"column":47}},"5":{"start":{"line":7,"column":15},"end":{"line":7,"column":39}},"6":{"start":{"line":9,"column":20},"end":{"line":20,"column":1}},"7":{"start":{"line":10,"column":18},"end":{"line":10,"column":45}},"8":{"start":{"line":11,"column":18},"end":{"line":11,"column":50}},"9":{"start":{"line":13,"column":2},"end":{"line":18,"column":3}},"10":{"start":{"line":14,"column":23},"end":{"line":14,"column":47}},"11":{"start":{"line":16,"column":23},"end":{"line":16,"column":65}},"12":{"start":{"line":17,"column":4},"end":{"line":17,"column":68}},"13":{"start":{"line":19,"column":2},"end":{"line":19,"column":18}},"14":{"start":{"line":22,"column":19},"end":{"line":30,"column":1}},"15":{"start":{"line":24,"column":2},"end":{"line":26,"column":3}},"16":{"start":{"line":25,"column":4},"end":{"line":25,"column":58}},"17":{"start":{"line":29,"column":2},"end":{"line":29,"column":57}},"18":{"start":{"line":32,"column":25},"end":{"line":33,"column":54}},"19":{"start":{"line":33,"column":2},"end":{"line":33,"column":54}},"20":{"start":{"line":33,"column":27},"end":{"line":33,"column":49}},"21":{"start":{"line":35,"column":19},"end":{"line":39,"column":1}},"22":{"start":{"line":36,"column":2},"end":{"line":38,"column":18}},"23":{"start":{"line":41,"column":22},"end":{"line":45,"column":1}},"24":{"start":{"line":47,"column":36},"end":{"line":108,"column":1}},"25":{"start":{"line":49,"column":4},"end":{"line":49,"column":68}},"26":{"start":{"line":50,"column":4},"end":{"line":50,"column":46}},"27":{"start":{"line":55,"column":4},"end":{"line":55,"column":54}},"28":{"start":{"line":57,"column":30},"end":{"line":57,"column":64}},"29":{"start":{"line":58,"column":30},"end":{"line":58,"column":58}},"30":{"start":{"line":60,"column":16},"end":{"line":60,"column":20}},"31":{"start":{"line":61,"column":16},"end":{"line":61,"column":18}},"32":{"start":{"line":63,"column":4},"end":{"line":92,"column":6}},"33":{"start":{"line":64,"column":6},"end":{"line":91,"column":7}},"34":{"start":{"line":65,"column":8},"end":{"line":78,"column":10}},"35":{"start":{"line":66,"column":30},"end":{"line":66,"column":53}},"36":{"start":{"line":67,"column":32},"end":{"line":70,"column":11}},"37":{"start":{"line":71,"column":23},"end":{"line":71,"column":48}},"38":{"start":{"line":72,"column":10},"end":{"line":77,"column":11}},"39":{"start":{"line":80,"column":8},"end":{"line":89,"column":10}},"40":{"start":{"line":81,"column":10},"end":{"line":88,"column":11}},"41":{"start":{"line":83,"column":14},"end":{"line":83,"column":29}},"42":{"start":{"line":86,"column":14},"end":{"line":86,"column":27}},"43":{"start":{"line":90,"column":8},"end":{"line":90,"column":21}},"44":{"start":{"line":95,"column":4},"end":{"line":106,"column":6}},"45":{"start":{"line":96,"column":6},"end":{"line":104,"column":8}},"46":{"start":{"line":97,"column":8},"end":{"line":103,"column":9}},"47":{"start":{"line":105,"column":6},"end":{"line":105,"column":16}},"48":{"start":{"line":110,"column":0},"end":{"line":110,"column":44}}},"fnMap":{"0":{"name":"(anonymous_0)","decl":{"start":{"line":9,"column":20},"end":{"line":9,"column":21}},"loc":{"start":{"line":9,"column":50},"end":{"line":20,"column":1}},"line":9},"1":{"name":"(anonymous_1)","decl":{"start":{"line":22,"column":19},"end":{"line":22,"column":20}},"loc":{"start":{"line":22,"column":34},"end":{"line":30,"column":1}},"line":22},"2":{"name":"(anonymous_2)","decl":{"start":{"line":32,"column":25},"end":{"line":32,"column":26}},"loc":{"start":{"line":33,"column":2},"end":{"line":33,"column":54}},"line":33},"3":{"name":"(anonymous_3)","decl":{"start":{"line":33,"column":17},"end":{"line":33,"column":18}},"loc":{"start":{"line":33,"column":27},"end":{"line":33,"column":49}},"line":33},"4":{"name":"(anonymous_4)","decl":{"start":{"line":35,"column":19},"end":{"line":35,"column":20}},"loc":{"start":{"line":35,"column":30},"end":{"line":39,"column":1}},"line":35},"5":{"name":"(anonymous_5)","decl":{"start":{"line":48,"column":2},"end":{"line":48,"column":3}},"loc":{"start":{"line":48,"column":27},"end":{"line":51,"column":3}},"line":48},"6":{"name":"(anonymous_6)","decl":{"start":{"line":53,"column":2},"end":{"line":53,"column":3}},"loc":{"start":{"line":53,"column":18},"end":{"line":107,"column":3}},"line":53},"7":{"name":"(anonymous_7)","decl":{"start":{"line":63,"column":35},"end":{"line":63,"column":36}},"loc":{"start":{"line":63,"column":50},"end":{"line":92,"column":5}},"line":63},"8":{"name":"(anonymous_8)","decl":{"start":{"line":65,"column":51},"end":{"line":65,"column":52}},"loc":{"start":{"line":65,"column":59},"end":{"line":78,"column":9}},"line":65},"9":{"name":"(anonymous_9)","decl":{"start":{"line":80,"column":22},"end":{"line":80,"column":23}},"loc":{"start":{"line":80,"column":27},"end":{"line":89,"column":9}},"line":80},"10":{"name":"(anonymous_10)","decl":{"start":{"line":95,"column":28},"end":{"line":95,"column":29}},"loc":{"start":{"line":95,"column":55},"end":{"line":106,"column":5}},"line":95},"11":{"name":"(anonymous_11)","decl":{"start":{"line":96,"column":20},"end":{"line":96,"column":21}},"loc":{"start":{"line":96,"column":25},"end":{"line":104,"column":7}},"line":96}},"branchMap":{"0":{"loc":{"start":{"line":13,"column":2},"end":{"line":18,"column":3}},"type":"if","locations":[{"start":{"line":13,"column":2},"end":{"line":18,"column":3}},{"start":{"line":13,"column":2},"end":{"line":18,"column":3}}],"line":13},"1":{"loc":{"start":{"line":16,"column":23},"end":{"line":16,"column":65}},"type":"cond-expr","locations":[{"start":{"line":16,"column":39},"end":{"line":16,"column":60}},{"start":{"line":16,"column":63},"end":{"line":16,"column":65}}],"line":16},"2":{"loc":{"start":{"line":24,"column":2},"end":{"line":26,"column":3}},"type":"if","locations":[{"start":{"line":24,"column":2},"end":{"line":26,"column":3}},{"start":{"line":24,"column":2},"end":{"line":26,"column":3}}],"line":24},"3":{"loc":{"start":{"line":48,"column":14},"end":{"line":48,"column":25}},"type":"default-arg","locations":[{"start":{"line":48,"column":23},"end":{"line":48,"column":25}}],"line":48},"4":{"loc":{"start":{"line":64,"column":6},"end":{"line":91,"column":7}},"type":"if","locations":[{"start":{"line":64,"column":6},"end":{"line":91,"column":7}},{"start":{"line":64,"column":6},"end":{"line":91,"column":7}}],"line":64}},"s":{"0":1,"1":1,"2":1,"3":1,"4":1,"5":1,"6":1,"7":5,"8":5,"9":5,"10":2,"11":2,"12":2,"13":3,"14":1,"15":10,"16":9,"17":1,"18":1,"19":5,"20":10,"21":1,"22":5,"23":1,"24":1,"25":6,"26":5,"27":5,"28":5,"29":5,"30":5,"31":5,"32":5,"33":5,"34":5,"35":5,"36":5,"37":5,"38":5,"39":5,"40":5,"41":5,"42":7,"43":5,"44":5,"45":5,"46":5,"47":5,"48":1},"f":{"0":5,"1":10,"2":5,"3":10,"4":5,"5":6,"6":5,"7":5,"8":5,"9":5,"10":5,"11":5},"b":{"0":[2,3],"1":[1,1],"2":[9,1],"3":[0],"4":[5,0]},"_coverageSchema":"332fd63041d2c1bcb487cc26dd0d5f7d97098a6c","hash":"13c6f86734fbec49c6cbfde4a4a8a1db78419061"}
}
