TN:
SF:/Users/lee/Documents/company/webpack-external-vendor-plugin/index.js
FN:9,(anonymous_0)
FN:22,(anonymous_1)
FN:32,(anonymous_2)
FN:33,(anonymous_3)
FN:35,(anonymous_4)
FN:48,(anonymous_5)
FN:53,(anonymous_6)
FN:63,(anonymous_7)
FN:65,(anonymous_8)
FN:80,(anonymous_9)
FN:95,(anonymous_10)
FN:96,(anonymous_11)
FNF:12
FNH:12
FNDA:5,(anonymous_0)
FNDA:10,(anonymous_1)
FNDA:5,(anonymous_2)
FNDA:10,(anonymous_3)
FNDA:5,(anonymous_4)
FNDA:6,(anonymous_5)
FNDA:5,(anonymous_6)
FNDA:5,(anonymous_7)
FNDA:5,(anonymous_8)
FNDA:5,(anonymous_9)
FNDA:5,(anonymous_10)
FNDA:5,(anonymous_11)
DA:1,1
DA:2,1
DA:3,1
DA:4,1
DA:5,1
DA:7,1
DA:9,1
DA:10,5
DA:11,5
DA:13,5
DA:14,2
DA:16,2
DA:17,2
DA:19,3
DA:22,1
DA:24,10
DA:25,9
DA:29,1
DA:32,1
DA:33,10
DA:35,1
DA:36,5
DA:41,1
DA:47,1
DA:49,6
DA:50,5
DA:55,5
DA:57,5
DA:58,5
DA:60,5
DA:61,5
DA:63,5
DA:64,5
DA:65,5
DA:66,5
DA:67,5
DA:71,5
DA:72,5
DA:80,5
DA:81,5
DA:83,5
DA:86,7
DA:90,5
DA:95,5
DA:96,5
DA:97,5
DA:105,5
DA:110,1
LF:48
LH:48
BRDA:13,0,0,2
BRDA:13,0,1,3
BRDA:16,1,0,1
BRDA:16,1,1,1
BRDA:24,2,0,9
BRDA:24,2,1,1
BRDA:48,3,0,0
BRDA:64,4,0,5
BRDA:64,4,1,0
BRF:9
BRH:7
end_of_record
